GROUP,PACKAGE,CLASS,INSTRUCTION_MISSED,INSTRUCTION_COVERED,BRANCH_MISSED,BRANCH_COVERED,LINE_MISSED,LINE_COVERED,COMPLEXITY_MISSED,COMPLEXITY_COVERED,METHOD_MISSED,METHOD_COVERED
PatientIntakeSystem,com.cognizant.patientintakesystem,Doctor,0,56,0,0,0,8,0,2,0,2
PatientIntakeSystem,com.cognizant.patientintakesystem,PatientAppointment,0,21,0,0,0,4,0,4,0,4
PatientIntakeSystem,com.cognizant.patientintakesystem,PatientIntakeApp,0,4,0,0,0,2,0,2,0,2
PatientIntakeSystem,com.cognizant.patientintakesystem,ClinicCalendar,0,36,0,0,0,9,0,3,0,3
