<?xml version="1.0" encoding="UTF-8"?>
<testsuite xmlns:xsi="http://www.w3.org/2001/XMLSchema-instance" xsi:noNamespaceSchemaLocation="https://maven.apache.org/surefire/maven-surefire-plugin/xsd/surefire-test-report.xsd" name="com.fm.FlightManagementTest" time="0.073" tests="5" errors="0" skipped="0" failures="0">
  <properties>
[...]
</properties>
  <testcase name="setterGetterTest" classname="com.fm.FlightManagementTest" time="0.007"/>
  <testcase name="testAddNonViptoBusinessFlight" classname="com.fm.FlightManagementTest" time="0"/>
  <testcase name="testViptoBusinessFlight" classname="com.fm.FlightManagementTest" time="0"/>
  <testcase name="testAddNonViptoEconomyFlight" classname="com.fm.FlightManagementTest" time="0"/>
  <testcase name="testViptoEconomyFlight" classname="com.fm.FlightManagementTest" time="0"/>
</testsuite>